<?xml version="1.0" encoding="UTF-8"?>
<!-- Generated by org.testng.reporters.JUnitReportReporter -->
<testsuite skipped="0" hostname="DESKTOP-0FJT81L" name="SampleMaven.SMaven.SampleTest" tests="1" failures="0" timestamp="05 May 2019 06:53:02 GMT" time="8.324" errors="0">
  <testcase name="Test" time="8.324" classname="SampleMaven.SMaven.SampleTest"/>
</testsuite> <!-- SampleMaven.SMaven.SampleTest -->
